<?xml version="1.0" encoding="UTF-8"?>
<!-- Generated by org.testng.reporters.JUnitXMLReporter -->
<testsuite hostname="DESKTOP-NEQQNR3" ignored="0" name="Default test" tests="3" failures="0" timestamp="10 Jan 2022 16:17:26 GMT" time="10.366" errors="0">
  <testcase name="login" time="10.136" classname="com.dataProvider.DataProvider"/>
  <testcase name="login" time="10.251" classname="com.dataProvider.DataProvider"/>
  <testcase name="login" time="10.289" classname="com.dataProvider.DataProvider"/>
</testsuite> <!-- Default test -->
